<?xml version="1.0" encoding="UTF-8"?>
<!-- Generated by org.testng.reporters.JUnitXMLReporter -->
<testsuite ignored="0" hostname="DESKTOP-NB17RKO" failures="2" tests="2" name="Test" time="54.12" errors="0" timestamp="2024-08-27T16:58:15 IST">
  <testcase classname="report.TC03" name="Registration" time="53.637">
    <failure type="java.lang.AssertionError" message="null">
      <![CDATA[java.lang.AssertionError: null
at report.TC03.Registration(TC03.java:26)
at java.base/java.util.ArrayList.forEach(ArrayList.java:1597)
... Removed 27 stack frames]]>
    </failure>
  </testcase> <!-- Registration -->
  <testcase classname="report.TC03" name="Registration" time="54.085">
    <failure type="java.lang.NullPointerException" message="Cannot invoke &amp;quot;org.openqa.selenium.TakesScreenshot.getScreenshotAs(org.openqa.selenium.OutputType)&amp;quot; because &amp;quot;report.util.driver&amp;quot; is null">
      <![CDATA[java.lang.NullPointerException: Cannot invoke "org.openqa.selenium.TakesScreenshot.getScreenshotAs(org.openqa.selenium.OutputType)" because "report.util.driver" is null
at report.util.screenShot(util.java:25)
at Button.TestListner.onTestFailure(TestListner.java:34)
at java.base/java.util.ArrayList.forEach(ArrayList.java:1597)
... Removed 24 stack frames]]>
    </failure>
  </testcase> <!-- Registration -->
</testsuite> <!-- Test -->
